2025-07-24 18:22:24.737143 - User: Anonymous - Path: /
2025-07-24 18:22:25.491548 - User: Anonymous - Path: /favicon.ico
2025-07-24 18:22:46.917154 - User: Anonymous - Path: /
2025-07-24 18:23:51.060250 - User: Anonymous - Path: /api/v1/
2025-07-24 18:24:09.275072 - User: Anonymous - Path: /api/v1/
2025-07-24 18:34:11.869308 - User: Anonymous - Path: /api/v1/
2025-07-24 18:34:37.951854 - User: Anonymous - Path: /
2025-07-24 18:34:52.173721 - User: Anonymous - Path: /api/v1/
2025-07-24 18:35:14.080697 - User: Anonymous - Path: /api/v1/
2025-07-24 18:35:21.884639 - User: Anonymous - Path: /api-auth/login/
2025-07-24 18:35:41.888103 - User: Anonymous - Path: /
2025-07-24 18:36:14.072105 - User: Anonymous - Path: /api/v1/
2025-07-24 18:36:23.339460 - User: Anonymous - Path: /api/v1/
2025-07-24 18:40:06.833163 - User: Anonymous - Path: /api/v1/
2025-07-24 18:40:14.574442 - User: Anonymous - Path: /api/v1/
2025-07-24 18:41:16.218122 - User: Anonymous - Path: /api/v1/messages/
2025-07-24 18:41:16.433402 - User: Anonymous - Path: /api/v1/messages/
2025-07-24 18:41:16.674079 - User: Anonymous - Path: /api/v1/messages/
2025-07-24 18:41:16.916596 - User: Anonymous - Path: /api/v1/messages/
2025-07-24 18:41:17.142282 - User: Anonymous - Path: /api/v1/messages/
2025-07-24 18:42:18.346763 - User: Anonymous - Path: /api/v1/
